WARN Source: Custom Source -> Map -> Sink: Print to Std. Out (5/8)#0 org.apache.kafka.clients.NetworkClient - Connection to node -1 could not be established. Broker may not be available.
WARN Source: Custom Source -> Map -> Sink: Print to Std. Out (4/8)#0 org.apache.kafka.clients.NetworkClient - Connection to node -1 could not be established. Broker may not be available.
WARN Source: Custom Source -> Map -> Sink: Print to Std. Out (7/8)#0 org.apache.kafka.clients.NetworkClient - Connection to node -1 could not be established. Broker may not be available.
WARN Source: Custom Source -> Map -> Sink: Print to Std. Out (2/8)#0 org.apache.kafka.clients.NetworkClient - Connection to node -1 could not be established. Broker may not be available.
WARN Source: Custom Source -> Map -> Sink: Print to Std. Out (8/8)#0 org.apache.kafka.clients.NetworkClient - Connection to node -1 could not be established. Broker may not be available.
WARN Source: Custom Source -> Map -> Sink: Print to Std. Out (3/8)#0 org.apache.kafka.clients.NetworkClient - Connection to node -1 could not be established. Broker may not be available.
WARN Source: Custom Source -> Map -> Sink: Print to Std. Out (1/8)#0 org.apache.kafka.clients.NetworkClient - Connection to node -1 could not be established. Broker may not be available.
WARN Source: Custom Source -> Map -> Sink: Print to Std. Out (5/8)#0 org.apache.kafka.clients.NetworkClient - Connection to node -1 could not be established. Broker may not be available.
WARN Source: Custom Source -> Map -> Sink: Print to Std. Out (6/8)#0 org.apache.kafka.clients.NetworkClient - Connection to node -1 could not be established. Broker may not be available.
WARN Source: Custom Source -> Map -> Sink: Print to Std. Out (3/8)#0 org.apache.flink.runtime.taskmanager.Task - Source: Custom Source -> Map -> Sink: Print to Std. Out (3/8)#0 (dd50a8b7ca589e10920eb3397cb2ac9a) switched from INITIALIZING to FAILED with failure cause: org.apache.kafka.common.errors.TimeoutException: Timeout expired while fetching topic metadata

WARN Source: Custom Source -> Map -> Sink: Print to Std. Out (1/8)#0 org.apache.flink.runtime.taskmanager.Task - Source: Custom Source -> Map -> Sink: Print to Std. Out (1/8)#0 (b4c8639dab83f8b49aeea6eb2d326ac5) switched from INITIALIZING to FAILED with failure cause: org.apache.kafka.common.errors.TimeoutException: Timeout expired while fetching topic metadata

WARN Source: Custom Source -> Map -> Sink: Print to Std. Out (8/8)#0 org.apache.flink.runtime.taskmanager.Task - Source: Custom Source -> Map -> Sink: Print to Std. Out (8/8)#0 (3b6a34431045d6ae02f4acdf325be9b8) switched from INITIALIZING to FAILED with failure cause: org.apache.kafka.common.errors.TimeoutException: Timeout expired while fetching topic metadata

WARN Source: Custom Source -> Map -> Sink: Print to Std. Out (7/8)#0 org.apache.flink.runtime.taskmanager.Task - Source: Custom Source -> Map -> Sink: Print to Std. Out (7/8)#0 (95daf7b0d22323bd8cbb466609de7a45) switched from INITIALIZING to FAILED with failure cause: org.apache.kafka.common.errors.TimeoutException: Timeout expired while fetching topic metadata

WARN Source: Custom Source -> Map -> Sink: Print to Std. Out (6/8)#0 org.apache.flink.runtime.taskmanager.Task - Source: Custom Source -> Map -> Sink: Print to Std. Out (6/8)#0 (441e95451059bc35c9657196f7fdd738) switched from INITIALIZING to FAILED with failure cause: org.apache.kafka.common.errors.TimeoutException: Timeout expired while fetching topic metadata

WARN Source: Custom Source -> Map -> Sink: Print to Std. Out (5/8)#0 org.apache.flink.runtime.taskmanager.Task - Source: Custom Source -> Map -> Sink: Print to Std. Out (5/8)#0 (a315543da7d12f808d3f554fb8925d81) switched from INITIALIZING to FAILED with failure cause: org.apache.kafka.common.errors.TimeoutException: Timeout expired while fetching topic metadata

WARN Source: Custom Source -> Map -> Sink: Print to Std. Out (4/8)#0 org.apache.flink.runtime.taskmanager.Task - Source: Custom Source -> Map -> Sink: Print to Std. Out (4/8)#0 (c3d9aeada70e62e32b083bfeb30f5b22) switched from INITIALIZING to FAILED with failure cause: org.apache.kafka.common.errors.TimeoutException: Timeout expired while fetching topic metadata

WARN Source: Custom Source -> Map -> Sink: Print to Std. Out (2/8)#0 org.apache.flink.runtime.taskmanager.Task - Source: Custom Source -> Map -> Sink: Print to Std. Out (2/8)#0 (d47d6c0a835426f2fb0e299cdd849b91) switched from INITIALIZING to FAILED with failure cause: org.apache.kafka.common.errors.TimeoutException: Timeout expired while fetching topic metadata

INFO Source: Custom Source -> Map -> Sink: Print to Std. Out (7/8)#0 org.apache.flink.runtime.taskmanager.Task - Freeing task resources for Source: Custom Source -> Map -> Sink: Print to Std. Out (7/8)#0 (95daf7b0d22323bd8cbb466609de7a45).
INFO Source: Custom Source -> Map -> Sink: Print to Std. Out (1/8)#0 org.apache.flink.runtime.taskmanager.Task - Freeing task resources for Source: Custom Source -> Map -> Sink: Print to Std. Out (1/8)#0 (b4c8639dab83f8b49aeea6eb2d326ac5).
INFO Source: Custom Source -> Map -> Sink: Print to Std. Out (5/8)#0 org.apache.flink.runtime.taskmanager.Task - Freeing task resources for Source: Custom Source -> Map -> Sink: Print to Std. Out (5/8)#0 (a315543da7d12f808d3f554fb8925d81).
INFO Source: Custom Source -> Map -> Sink: Print to Std. Out (2/8)#0 org.apache.flink.runtime.taskmanager.Task - Freeing task resources for Source: Custom Source -> Map -> Sink: Print to Std. Out (2/8)#0 (d47d6c0a835426f2fb0e299cdd849b91).
INFO Source: Custom Source -> Map -> Sink: Print to Std. Out (3/8)#0 org.apache.flink.runtime.taskmanager.Task - Freeing task resources for Source: Custom Source -> Map -> Sink: Print to Std. Out (3/8)#0 (dd50a8b7ca589e10920eb3397cb2ac9a).
INFO Source: Custom Source -> Map -> Sink: Print to Std. Out (6/8)#0 org.apache.flink.runtime.taskmanager.Task - Freeing task resources for Source: Custom Source -> Map -> Sink: Print to Std. Out (6/8)#0 (441e95451059bc35c9657196f7fdd738).
INFO Source: Custom Source -> Map -> Sink: Print to Std. Out (8/8)#0 org.apache.flink.runtime.taskmanager.Task - Freeing task resources for Source: Custom Source -> Map -> Sink: Print to Std. Out (8/8)#0 (3b6a34431045d6ae02f4acdf325be9b8).
INFO Source: Custom Source -> Map -> Sink: Print to Std. Out (4/8)#0 org.apache.flink.runtime.taskmanager.Task - Freeing task resources for Source: Custom Source -> Map -> Sink: Print to Std. Out (4/8)#0 (c3d9aeada70e62e32b083bfeb30f5b22).
INFO flink-akka.actor.default-dispatcher-65 org.apache.flink.runtime.taskexecutor.TaskExecutor - Un-registering task and sending final execution state FAILED to JobManager for task Source: Custom Source -> Map -> Sink: Print to Std. Out (4/8)#0 c3d9aeada70e62e32b083bfeb30f5b22.
INFO flink-akka.actor.default-dispatcher-65 org.apache.flink.runtime.taskexecutor.TaskExecutor - Un-registering task and sending final execution state FAILED to JobManager for task Source: Custom Source -> Map -> Sink: Print to Std. Out (1/8)#0 b4c8639dab83f8b49aeea6eb2d326ac5.
INFO flink-akka.actor.default-dispatcher-65 org.apache.flink.runtime.taskexecutor.TaskExecutor - Un-registering task and sending final execution state FAILED to JobManager for task Source: Custom Source -> Map -> Sink: Print to Std. Out (8/8)#0 3b6a34431045d6ae02f4acdf325be9b8.
INFO flink-akka.actor.default-dispatcher-65 org.apache.flink.runtime.taskexecutor.TaskExecutor - Un-registering task and sending final execution state FAILED to JobManager for task Source: Custom Source -> Map -> Sink: Print to Std. Out (7/8)#0 95daf7b0d22323bd8cbb466609de7a45.
INFO flink-akka.actor.default-dispatcher-65 org.apache.flink.runtime.taskexecutor.TaskExecutor - Un-registering task and sending final execution state FAILED to JobManager for task Source: Custom Source -> Map -> Sink: Print to Std. Out (3/8)#0 dd50a8b7ca589e10920eb3397cb2ac9a.
INFO flink-akka.actor.default-dispatcher-65 org.apache.flink.runtime.taskexecutor.TaskExecutor - Un-registering task and sending final execution state FAILED to JobManager for task Source: Custom Source -> Map -> Sink: Print to Std. Out (5/8)#0 a315543da7d12f808d3f554fb8925d81.
INFO flink-akka.actor.default-dispatcher-65 org.apache.flink.runtime.taskexecutor.TaskExecutor - Un-registering task and sending final execution state FAILED to JobManager for task Source: Custom Source -> Map -> Sink: Print to Std. Out (2/8)#0 d47d6c0a835426f2fb0e299cdd849b91.
INFO flink-akka.actor.default-dispatcher-65 org.apache.flink.runtime.taskexecutor.TaskExecutor - Un-registering task and sending final execution state FAILED to JobManager for task Source: Custom Source -> Map -> Sink: Print to Std. Out (6/8)#0 441e95451059bc35c9657196f7fdd738.
INFO flink-akka.actor.default-dispatcher-61 org.apache.flink.runtime.executiongraph.ExecutionGraph - Source: Custom Source -> Map -> Sink: Print to Std. Out (4/8) (c3d9aeada70e62e32b083bfeb30f5b22) switched from INITIALIZING to FAILED on dfef5c3e-4644-4234-9e64-919d5a74bd07 @ kubernetes.docker.internal (dataPort=-1).
org.apache.kafka.common.errors.TimeoutException: Timeout expired while fetching topic metadata
INFO flink-akka.actor.default-dispatcher-65 org.apache.flink.runtime.resourcemanager.slotmanager.DeclarativeSlotManager - Received resource requirements from job 3c7eb5d2b238e88660086ded8df2cab0: [ResourceRequirement{resourceProfile=ResourceProfile{UNKNOWN}, numberOfRequiredSlots=7}]
INFO flink-akka.actor.default-dispatcher-61 org.apache.flink.runtime.executiongraph.failover.flip1.RestartPipelinedRegionFailoverStrategy - Calculating tasks to restart to recover the failed task cbc357ccb763df2852fee8c4fc7d55f2_3.
INFO flink-akka.actor.default-dispatcher-61 org.apache.flink.runtime.executiongraph.failover.flip1.RestartPipelinedRegionFailoverStrategy - 1 tasks should be restarted to recover the failed task cbc357ccb763df2852fee8c4fc7d55f2_3. 
INFO flink-akka.actor.default-dispatcher-61 org.apache.flink.runtime.executiongraph.ExecutionGraph - Job consumer (3c7eb5d2b238e88660086ded8df2cab0) switched from state RUNNING to FAILING.
org.apache.flink.runtime.JobException: Recovery is suppressed by NoRestartBackoffTimeStrategy
	at org.apache.flink.runtime.executiongraph.failover.flip1.ExecutionFailureHandler.handleFailure(ExecutionFailureHandler.java:138)
	at org.apache.flink.runtime.executiongraph.failover.flip1.ExecutionFailureHandler.getFailureHandlingResult(ExecutionFailureHandler.java:82)
	at org.apache.flink.runtime.scheduler.DefaultScheduler.handleTaskFailure(DefaultScheduler.java:207)
	at org.apache.flink.runtime.scheduler.DefaultScheduler.maybeHandleTaskFailure(DefaultScheduler.java:197)
	at org.apache.flink.runtime.scheduler.DefaultScheduler.updateTaskExecutionStateInternal(DefaultScheduler.java:188)
	at org.apache.flink.runtime.scheduler.SchedulerBase.updateTaskExecutionState(SchedulerBase.java:677)
	at org.apache.flink.runtime.scheduler.SchedulerNG.updateTaskExecutionState(SchedulerNG.java:79)
	at org.apache.flink.runtime.jobmaster.JobMaster.updateTaskExecutionState(JobMaster.java:435)
	at java.base/jdk.internal.reflect.NativeMethodAccessorImpl.invoke0(Native Method)
	at java.base/jdk.internal.reflect.NativeMethodAccessorImpl.invoke(NativeMethodAccessorImpl.java:62)
	at java.base/jdk.internal.reflect.DelegatingMethodAccessorImpl.invoke(DelegatingMethodAccessorImpl.java:43)
	at java.base/java.lang.reflect.Method.invoke(Method.java:566)
	at org.apache.flink.runtime.rpc.akka.AkkaRpcActor.handleRpcInvocation(AkkaRpcActor.java:305)
	at org.apache.flink.runtime.rpc.akka.AkkaRpcActor.handleRpcMessage(AkkaRpcActor.java:212)
	at org.apache.flink.runtime.rpc.akka.FencedAkkaRpcActor.handleRpcMessage(FencedAkkaRpcActor.java:77)
	at org.apache.flink.runtime.rpc.akka.AkkaRpcActor.handleMessage(AkkaRpcActor.java:158)
	at akka.japi.pf.UnitCaseStatement.apply(CaseStatements.scala:26)
	at akka.japi.pf.UnitCaseStatement.apply(CaseStatements.scala:21)
	at scala.PartialFunction.applyOrElse(PartialFunction.scala:123)
	at scala.PartialFunction.applyOrElse$(PartialFunction.scala:122)
	at akka.japi.pf.UnitCaseStatement.applyOrElse(CaseStatements.scala:21)
	at scala.PartialFunction$OrElse.applyOrElse(PartialFunction.scala:171)
	at scala.PartialFunction$OrElse.applyOrElse(PartialFunction.scala:172)
	at scala.PartialFunction$OrElse.applyOrElse(PartialFunction.scala:172)
	at akka.actor.Actor.aroundReceive(Actor.scala:517)
	at akka.actor.Actor.aroundReceive$(Actor.scala:515)
	at akka.actor.AbstractActor.aroundReceive(AbstractActor.scala:225)
	at akka.actor.ActorCell.receiveMessage(ActorCell.scala:592)
	at akka.actor.ActorCell.invoke(ActorCell.scala:561)
	at akka.dispatch.Mailbox.processMailbox(Mailbox.scala:258)
	at akka.dispatch.Mailbox.run(Mailbox.scala:225)
	at akka.dispatch.Mailbox.exec(Mailbox.scala:235)
	at akka.dispatch.forkjoin.ForkJoinTask.doExec(ForkJoinTask.java:260)
	at akka.dispatch.forkjoin.ForkJoinPool$WorkQueue.runTask(ForkJoinPool.java:1339)
	at akka.dispatch.forkjoin.ForkJoinPool.runWorker(ForkJoinPool.java:1979)
	at akka.dispatch.forkjoin.ForkJoinWorkerThread.run(ForkJoinWorkerThread.java:107)
Caused by: org.apache.kafka.common.errors.TimeoutException: Timeout expired while fetching topic metadata
INFO flink-akka.actor.default-dispatcher-61 org.apache.flink.runtime.executiongraph.ExecutionGraph - Source: Custom Source -> Map -> Sink: Print to Std. Out (1/8) (b4c8639dab83f8b49aeea6eb2d326ac5) switched from INITIALIZING to CANCELING.
INFO flink-akka.actor.default-dispatcher-61 org.apache.flink.runtime.executiongraph.ExecutionGraph - Source: Custom Source -> Map -> Sink: Print to Std. Out (2/8) (d47d6c0a835426f2fb0e299cdd849b91) switched from INITIALIZING to CANCELING.
INFO flink-akka.actor.default-dispatcher-61 org.apache.flink.runtime.executiongraph.ExecutionGraph - Source: Custom Source -> Map -> Sink: Print to Std. Out (3/8) (dd50a8b7ca589e10920eb3397cb2ac9a) switched from INITIALIZING to CANCELING.
INFO flink-akka.actor.default-dispatcher-61 org.apache.flink.runtime.executiongraph.ExecutionGraph - Source: Custom Source -> Map -> Sink: Print to Std. Out (5/8) (a315543da7d12f808d3f554fb8925d81) switched from INITIALIZING to CANCELING.
INFO flink-akka.actor.default-dispatcher-61 org.apache.flink.runtime.executiongraph.ExecutionGraph - Source: Custom Source -> Map -> Sink: Print to Std. Out (6/8) (441e95451059bc35c9657196f7fdd738) switched from INITIALIZING to CANCELING.
INFO flink-akka.actor.default-dispatcher-61 org.apache.flink.runtime.executiongraph.ExecutionGraph - Source: Custom Source -> Map -> Sink: Print to Std. Out (7/8) (95daf7b0d22323bd8cbb466609de7a45) switched from INITIALIZING to CANCELING.
INFO flink-akka.actor.default-dispatcher-61 org.apache.flink.runtime.executiongraph.ExecutionGraph - Source: Custom Source -> Map -> Sink: Print to Std. Out (8/8) (3b6a34431045d6ae02f4acdf325be9b8) switched from INITIALIZING to CANCELING.
INFO flink-akka.actor.default-dispatcher-61 org.apache.flink.runtime.executiongraph.ExecutionGraph - Source: Custom Source -> Map -> Sink: Print to Std. Out (1/8) (b4c8639dab83f8b49aeea6eb2d326ac5) switched from CANCELING to CANCELED.
INFO flink-akka.actor.default-dispatcher-61 org.apache.flink.runtime.executiongraph.ExecutionGraph - Discarding the results produced by task execution b4c8639dab83f8b49aeea6eb2d326ac5.
INFO flink-akka.actor.default-dispatcher-66 org.apache.flink.runtime.resourcemanager.slotmanager.DeclarativeSlotManager - Received resource requirements from job 3c7eb5d2b238e88660086ded8df2cab0: [ResourceRequirement{resourceProfile=ResourceProfile{UNKNOWN}, numberOfRequiredSlots=6}]
INFO flink-akka.actor.default-dispatcher-61 org.apache.flink.runtime.executiongraph.ExecutionGraph - Source: Custom Source -> Map -> Sink: Print to Std. Out (8/8) (3b6a34431045d6ae02f4acdf325be9b8) switched from CANCELING to CANCELED.
INFO flink-akka.actor.default-dispatcher-61 org.apache.flink.runtime.executiongraph.ExecutionGraph - Discarding the results produced by task execution 3b6a34431045d6ae02f4acdf325be9b8.
INFO flink-akka.actor.default-dispatcher-65 org.apache.flink.runtime.resourcemanager.slotmanager.DeclarativeSlotManager - Received resource requirements from job 3c7eb5d2b238e88660086ded8df2cab0: [ResourceRequirement{resourceProfile=ResourceProfile{UNKNOWN}, numberOfRequiredSlots=5}]
INFO flink-akka.actor.default-dispatcher-61 org.apache.flink.runtime.executiongraph.ExecutionGraph - Source: Custom Source -> Map -> Sink: Print to Std. Out (7/8) (95daf7b0d22323bd8cbb466609de7a45) switched from CANCELING to CANCELED.
INFO flink-akka.actor.default-dispatcher-61 org.apache.flink.runtime.executiongraph.ExecutionGraph - Discarding the results produced by task execution 95daf7b0d22323bd8cbb466609de7a45.
INFO flink-akka.actor.default-dispatcher-67 org.apache.flink.runtime.resourcemanager.slotmanager.DeclarativeSlotManager - Received resource requirements from job 3c7eb5d2b238e88660086ded8df2cab0: [ResourceRequirement{resourceProfile=ResourceProfile{UNKNOWN}, numberOfRequiredSlots=4}]
INFO flink-akka.actor.default-dispatcher-61 org.apache.flink.runtime.executiongraph.ExecutionGraph - Source: Custom Source -> Map -> Sink: Print to Std. Out (3/8) (dd50a8b7ca589e10920eb3397cb2ac9a) switched from CANCELING to CANCELED.
INFO flink-akka.actor.default-dispatcher-61 org.apache.flink.runtime.executiongraph.ExecutionGraph - Discarding the results produced by task execution dd50a8b7ca589e10920eb3397cb2ac9a.
INFO flink-akka.actor.default-dispatcher-65 org.apache.flink.runtime.resourcemanager.slotmanager.DeclarativeSlotManager - Received resource requirements from job 3c7eb5d2b238e88660086ded8df2cab0: [ResourceRequirement{resourceProfile=ResourceProfile{UNKNOWN}, numberOfRequiredSlots=3}]
INFO flink-akka.actor.default-dispatcher-61 org.apache.flink.runtime.executiongraph.ExecutionGraph - Source: Custom Source -> Map -> Sink: Print to Std. Out (5/8) (a315543da7d12f808d3f554fb8925d81) switched from CANCELING to CANCELED.
INFO flink-akka.actor.default-dispatcher-61 org.apache.flink.runtime.executiongraph.ExecutionGraph - Discarding the results produced by task execution a315543da7d12f808d3f554fb8925d81.
INFO flink-akka.actor.default-dispatcher-67 org.apache.flink.runtime.resourcemanager.slotmanager.DeclarativeSlotManager - Received resource requirements from job 3c7eb5d2b238e88660086ded8df2cab0: [ResourceRequirement{resourceProfile=ResourceProfile{UNKNOWN}, numberOfRequiredSlots=2}]
INFO flink-akka.actor.default-dispatcher-61 org.apache.flink.runtime.executiongraph.ExecutionGraph - Source: Custom Source -> Map -> Sink: Print to Std. Out (2/8) (d47d6c0a835426f2fb0e299cdd849b91) switched from CANCELING to CANCELED.
INFO flink-akka.actor.default-dispatcher-67 org.apache.flink.runtime.resourcemanager.slotmanager.DeclarativeSlotManager - Received resource requirements from job 3c7eb5d2b238e88660086ded8df2cab0: [ResourceRequirement{resourceProfile=ResourceProfile{UNKNOWN}, numberOfRequiredSlots=1}]
INFO flink-akka.actor.default-dispatcher-61 org.apache.flink.runtime.executiongraph.ExecutionGraph - Discarding the results produced by task execution d47d6c0a835426f2fb0e299cdd849b91.
INFO flink-akka.actor.default-dispatcher-61 org.apache.flink.runtime.executiongraph.ExecutionGraph - Source: Custom Source -> Map -> Sink: Print to Std. Out (6/8) (441e95451059bc35c9657196f7fdd738) switched from CANCELING to CANCELED.
INFO flink-akka.actor.default-dispatcher-61 org.apache.flink.runtime.executiongraph.ExecutionGraph - Job consumer (3c7eb5d2b238e88660086ded8df2cab0) switched from state FAILING to FAILED.
org.apache.flink.runtime.JobException: Recovery is suppressed by NoRestartBackoffTimeStrategy
	at org.apache.flink.runtime.executiongraph.failover.flip1.ExecutionFailureHandler.handleFailure(ExecutionFailureHandler.java:138)
	at org.apache.flink.runtime.executiongraph.failover.flip1.ExecutionFailureHandler.getFailureHandlingResult(ExecutionFailureHandler.java:82)
	at org.apache.flink.runtime.scheduler.DefaultScheduler.handleTaskFailure(DefaultScheduler.java:207)
	at org.apache.flink.runtime.scheduler.DefaultScheduler.maybeHandleTaskFailure(DefaultScheduler.java:197)
	at org.apache.flink.runtime.scheduler.DefaultScheduler.updateTaskExecutionStateInternal(DefaultScheduler.java:188)
	at org.apache.flink.runtime.scheduler.SchedulerBase.updateTaskExecutionState(SchedulerBase.java:677)
	at org.apache.flink.runtime.scheduler.SchedulerNG.updateTaskExecutionState(SchedulerNG.java:79)
	at org.apache.flink.runtime.jobmaster.JobMaster.updateTaskExecutionState(JobMaster.java:435)
	at java.base/jdk.internal.reflect.NativeMethodAccessorImpl.invoke0(Native Method)
	at java.base/jdk.internal.reflect.NativeMethodAccessorImpl.invoke(NativeMethodAccessorImpl.java:62)
	at java.base/jdk.internal.reflect.DelegatingMethodAccessorImpl.invoke(DelegatingMethodAccessorImpl.java:43)
	at java.base/java.lang.reflect.Method.invoke(Method.java:566)
	at org.apache.flink.runtime.rpc.akka.AkkaRpcActor.handleRpcInvocation(AkkaRpcActor.java:305)
	at org.apache.flink.runtime.rpc.akka.AkkaRpcActor.handleRpcMessage(AkkaRpcActor.java:212)
	at org.apache.flink.runtime.rpc.akka.FencedAkkaRpcActor.handleRpcMessage(FencedAkkaRpcActor.java:77)
	at org.apache.flink.runtime.rpc.akka.AkkaRpcActor.handleMessage(AkkaRpcActor.java:158)
	at akka.japi.pf.UnitCaseStatement.apply(CaseStatements.scala:26)
	at akka.japi.pf.UnitCaseStatement.apply(CaseStatements.scala:21)
	at scala.PartialFunction.applyOrElse(PartialFunction.scala:123)
	at scala.PartialFunction.applyOrElse$(PartialFunction.scala:122)
	at akka.japi.pf.UnitCaseStatement.applyOrElse(CaseStatements.scala:21)
	at scala.PartialFunction$OrElse.applyOrElse(PartialFunction.scala:171)
	at scala.PartialFunction$OrElse.applyOrElse(PartialFunction.scala:172)
	at scala.PartialFunction$OrElse.applyOrElse(PartialFunction.scala:172)
	at akka.actor.Actor.aroundReceive(Actor.scala:517)
	at akka.actor.Actor.aroundReceive$(Actor.scala:515)
	at akka.actor.AbstractActor.aroundReceive(AbstractActor.scala:225)
	at akka.actor.ActorCell.receiveMessage(ActorCell.scala:592)
	at akka.actor.ActorCell.invoke(ActorCell.scala:561)
	at akka.dispatch.Mailbox.processMailbox(Mailbox.scala:258)
	at akka.dispatch.Mailbox.run(Mailbox.scala:225)
	at akka.dispatch.Mailbox.exec(Mailbox.scala:235)
	at akka.dispatch.forkjoin.ForkJoinTask.doExec(ForkJoinTask.java:260)
	at akka.dispatch.forkjoin.ForkJoinPool$WorkQueue.runTask(ForkJoinPool.java:1339)
	at akka.dispatch.forkjoin.ForkJoinPool.runWorker(ForkJoinPool.java:1979)
	at akka.dispatch.forkjoin.ForkJoinWorkerThread.run(ForkJoinWorkerThread.java:107)
Caused by: org.apache.kafka.common.errors.TimeoutException: Timeout expired while fetching topic metadata
INFO flink-akka.actor.default-dispatcher-65 org.apache.flink.runtime.resourcemanager.slotmanager.DeclarativeSlotManager - Clearing resource requirements of job 3c7eb5d2b238e88660086ded8df2cab0
INFO flink-akka.actor.default-dispatcher-61 org.apache.flink.runtime.checkpoint.CheckpointCoordinator - Stopping checkpoint coordinator for job 3c7eb5d2b238e88660086ded8df2cab0.
INFO flink-akka.actor.default-dispatcher-61 org.apache.flink.runtime.checkpoint.StandaloneCompletedCheckpointStore - Shutting down
INFO flink-akka.actor.default-dispatcher-61 org.apache.flink.runtime.executiongraph.ExecutionGraph - Discarding the results produced by task execution 441e95451059bc35c9657196f7fdd738.
INFO flink-akka.actor.default-dispatcher-67 org.apache.flink.runtime.minicluster.MiniCluster - Shutting down Flink Mini Cluster
INFO flink-akka.actor.default-dispatcher-66 org.apache.flink.runtime.dispatcher.StandaloneDispatcher - Job 3c7eb5d2b238e88660086ded8df2cab0 reached terminal state FAILED.
INFO flink-akka.actor.default-dispatcher-65 org.apache.flink.runtime.taskexecutor.TaskExecutor - Stopping TaskExecutor akka://flink/user/rpc/taskmanager_0.
INFO flink-akka.actor.default-dispatcher-65 org.apache.flink.runtime.taskexecutor.TaskExecutor - Close ResourceManager connection 10e88226473080e6f347b81322822acc.
INFO flink-akka.actor.default-dispatcher-67 org.apache.flink.runtime.dispatcher.DispatcherRestEndpoint - Shutting down rest endpoint.
INFO flink-akka.actor.default-dispatcher-61 org.apache.flink.runtime.jobmaster.JobMaster - Stopping the JobMaster for job consumer(3c7eb5d2b238e88660086ded8df2cab0).
INFO flink-akka.actor.default-dispatcher-65 org.apache.flink.runtime.taskexecutor.TaskExecutor - Close JobManager connection for job 3c7eb5d2b238e88660086ded8df2cab0.
INFO flink-akka.actor.default-dispatcher-61 org.apache.flink.runtime.jobmaster.slotpool.DefaultDeclarativeSlotPool - Releasing slot [7245d44b3a0d964ff0ad67ea1b4b9732].
INFO flink-akka.actor.default-dispatcher-66 org.apache.flink.runtime.resourcemanager.StandaloneResourceManager - Closing TaskExecutor connection dfef5c3e-4644-4234-9e64-919d5a74bd07 because: The TaskExecutor is shutting down.
INFO flink-akka.actor.default-dispatcher-61 org.apache.flink.runtime.jobmaster.slotpool.DefaultDeclarativeSlotPool - Releasing slot [e6c0f3ef4532332ad5fcd476d994899b].
INFO flink-akka.actor.default-dispatcher-61 org.apache.flink.runtime.jobmaster.slotpool.DefaultDeclarativeSlotPool - Releasing slot [003fdcaadfd178da3b6bbe02f84a3e08].
INFO flink-akka.actor.default-dispatcher-61 org.apache.flink.runtime.jobmaster.slotpool.DefaultDeclarativeSlotPool - Releasing slot [f201de2af4761175dbad50d2e4890168].
INFO flink-akka.actor.default-dispatcher-61 org.apache.flink.runtime.jobmaster.slotpool.DefaultDeclarativeSlotPool - Releasing slot [89ac6a3d19e1dd1198ab199aecf497cc].
INFO flink-akka.actor.default-dispatcher-61 org.apache.flink.runtime.jobmaster.slotpool.DefaultDeclarativeSlotPool - Releasing slot [7693dd9bcd746b8f80444bd4dce4db49].
INFO flink-akka.actor.default-dispatcher-61 org.apache.flink.runtime.jobmaster.slotpool.DefaultDeclarativeSlotPool - Releasing slot [fd65528b142e9c9fc19b68b5576bcc24].
INFO flink-akka.actor.default-dispatcher-61 org.apache.flink.runtime.jobmaster.slotpool.DefaultDeclarativeSlotPool - Releasing slot [0d5d849d9b1e25c938da99e7ddc5c140].
INFO flink-akka.actor.default-dispatcher-66 org.apache.flink.runtime.resourcemanager.slotmanager.DeclarativeSlotManager - Clearing resource requirements of job 3c7eb5d2b238e88660086ded8df2cab0
INFO flink-akka.actor.default-dispatcher-61 org.apache.flink.runtime.jobmaster.JobMaster - Close ResourceManager connection 10e88226473080e6f347b81322822acc: Stopping JobMaster for job consumer(3c7eb5d2b238e88660086ded8df2cab0)..
INFO flink-akka.actor.default-dispatcher-66 org.apache.flink.runtime.resourcemanager.StandaloneResourceManager - Disconnect job manager 8ffa462e5f202b47a220bcb5510445ea@akka://flink/user/rpc/jobmanager_3 for job 3c7eb5d2b238e88660086ded8df2cab0 from the resource manager.
INFO flink-akka.actor.default-dispatcher-65 org.apache.flink.runtime.taskexecutor.slot.TaskSlotTableImpl - Free slot TaskSlot(index:0, state:ALLOCATED, resource profile: ResourceProfile{taskHeapMemory=128.000gb (137438953472 bytes), taskOffHeapMemory=128.000gb (137438953472 bytes), managedMemory=16.000mb (16777216 bytes), networkMemory=8.000mb (8388608 bytes)}, allocationId: 7245d44b3a0d964ff0ad67ea1b4b9732, jobId: 3c7eb5d2b238e88660086ded8df2cab0).
INFO flink-akka.actor.default-dispatcher-65 org.apache.flink.runtime.taskexecutor.slot.TaskSlotTableImpl - Free slot TaskSlot(index:1, state:ALLOCATED, resource profile: ResourceProfile{taskHeapMemory=128.000gb (137438953472 bytes), taskOffHeapMemory=128.000gb (137438953472 bytes), managedMemory=16.000mb (16777216 bytes), networkMemory=8.000mb (8388608 bytes)}, allocationId: e6c0f3ef4532332ad5fcd476d994899b, jobId: 3c7eb5d2b238e88660086ded8df2cab0).
INFO flink-akka.actor.default-dispatcher-65 org.apache.flink.runtime.taskexecutor.slot.TaskSlotTableImpl - Free slot TaskSlot(index:2, state:ALLOCATED, resource profile: ResourceProfile{taskHeapMemory=128.000gb (137438953472 bytes), taskOffHeapMemory=128.000gb (137438953472 bytes), managedMemory=16.000mb (16777216 bytes), networkMemory=8.000mb (8388608 bytes)}, allocationId: 003fdcaadfd178da3b6bbe02f84a3e08, jobId: 3c7eb5d2b238e88660086ded8df2cab0).
INFO flink-akka.actor.default-dispatcher-65 org.apache.flink.runtime.taskexecutor.slot.TaskSlotTableImpl - Free slot TaskSlot(index:5, state:ALLOCATED, resource profile: ResourceProfile{taskHeapMemory=128.000gb (137438953472 bytes), taskOffHeapMemory=128.000gb (137438953472 bytes), managedMemory=16.000mb (16777216 bytes), networkMemory=8.000mb (8388608 bytes)}, allocationId: f201de2af4761175dbad50d2e4890168, jobId: 3c7eb5d2b238e88660086ded8df2cab0).
INFO flink-akka.actor.default-dispatcher-65 org.apache.flink.runtime.taskexecutor.slot.TaskSlotTableImpl - Free slot TaskSlot(index:7, state:ALLOCATED, resource profile: ResourceProfile{taskHeapMemory=128.000gb (137438953472 bytes), taskOffHeapMemory=128.000gb (137438953472 bytes), managedMemory=16.000mb (16777216 bytes), networkMemory=8.000mb (8388608 bytes)}, allocationId: 89ac6a3d19e1dd1198ab199aecf497cc, jobId: 3c7eb5d2b238e88660086ded8df2cab0).
INFO flink-akka.actor.default-dispatcher-65 org.apache.flink.runtime.taskexecutor.slot.TaskSlotTableImpl - Free slot TaskSlot(index:3, state:ALLOCATED, resource profile: ResourceProfile{taskHeapMemory=128.000gb (137438953472 bytes), taskOffHeapMemory=128.000gb (137438953472 bytes), managedMemory=16.000mb (16777216 bytes), networkMemory=8.000mb (8388608 bytes)}, allocationId: 7693dd9bcd746b8f80444bd4dce4db49, jobId: 3c7eb5d2b238e88660086ded8df2cab0).
INFO flink-akka.actor.default-dispatcher-65 org.apache.flink.runtime.taskexecutor.slot.TaskSlotTableImpl - Free slot TaskSlot(index:4, state:ALLOCATED, resource profile: ResourceProfile{taskHeapMemory=128.000gb (137438953472 bytes), taskOffHeapMemory=128.000gb (137438953472 bytes), managedMemory=16.000mb (16777216 bytes), networkMemory=8.000mb (8388608 bytes)}, allocationId: fd65528b142e9c9fc19b68b5576bcc24, jobId: 3c7eb5d2b238e88660086ded8df2cab0).
INFO flink-akka.actor.default-dispatcher-65 org.apache.flink.runtime.taskexecutor.slot.TaskSlotTableImpl - Free slot TaskSlot(index:6, state:ALLOCATED, resource profile: ResourceProfile{taskHeapMemory=128.000gb (137438953472 bytes), taskOffHeapMemory=128.000gb (137438953472 bytes), managedMemory=16.000mb (16777216 bytes), networkMemory=8.000mb (8388608 bytes)}, allocationId: 0d5d849d9b1e25c938da99e7ddc5c140, jobId: 3c7eb5d2b238e88660086ded8df2cab0).
INFO ForkJoinPool.commonPool-worker-11 org.apache.flink.runtime.dispatcher.DispatcherRestEndpoint - Removing cache directory C:\Users\孙宇鹏\AppData\Local\Temp\flink-web-ui
INFO ForkJoinPool.commonPool-worker-11 org.apache.flink.runtime.dispatcher.DispatcherRestEndpoint - Shut down complete.
INFO flink-akka.actor.default-dispatcher-61 org.apache.flink.runtime.resourcemanager.StandaloneResourceManager - Shut down cluster because application is in CANCELED, diagnostics DispatcherResourceManagerComponent has been closed..
INFO flink-akka.actor.default-dispatcher-67 org.apache.flink.runtime.entrypoint.component.DispatcherResourceManagerComponent - Closing components.
INFO flink-akka.actor.default-dispatcher-67 org.apache.flink.runtime.dispatcher.runner.SessionDispatcherLeaderProcess - Stopping SessionDispatcherLeaderProcess.
INFO flink-akka.actor.default-dispatcher-65 org.apache.flink.runtime.dispatcher.StandaloneDispatcher - Stopping dispatcher akka://flink/user/rpc/dispatcher_2.
INFO flink-akka.actor.default-dispatcher-65 org.apache.flink.runtime.dispatcher.StandaloneDispatcher - Stopping all currently running jobs of dispatcher akka://flink/user/rpc/dispatcher_2.
INFO flink-akka.actor.default-dispatcher-61 org.apache.flink.runtime.resourcemanager.slotmanager.DeclarativeSlotManager - Closing the slot manager.
INFO flink-akka.actor.default-dispatcher-61 org.apache.flink.runtime.resourcemanager.slotmanager.DeclarativeSlotManager - Suspending the slot manager.
INFO mini-cluster-io-thread-20 org.apache.flink.runtime.taskexecutor.TaskExecutor - JobManager for job 3c7eb5d2b238e88660086ded8df2cab0 with leader id 8ffa462e5f202b47a220bcb5510445ea lost leadership.
INFO mini-cluster-io-thread-21 org.apache.flink.runtime.dispatcher.StandaloneDispatcher - Stopped dispatcher akka://flink/user/rpc/dispatcher_2.
INFO flink-akka.actor.default-dispatcher-66 org.apache.flink.runtime.taskexecutor.DefaultJobLeaderService - Stop job leader service.
INFO flink-akka.actor.default-dispatcher-66 org.apache.flink.runtime.state.TaskExecutorLocalStateStoresManager - Shutting down TaskExecutorLocalStateStoresManager.
INFO flink-akka.actor.default-dispatcher-66 org.apache.flink.runtime.io.disk.FileChannelManagerImpl - FileChannelManager removed spill file directory C:\Users\孙宇鹏\AppData\Local\Temp\flink-io-109db344-eb4d-48df-9342-bd8fa3f7336a
INFO flink-akka.actor.default-dispatcher-66 org.apache.flink.runtime.io.network.NettyShuffleEnvironment - Shutting down the network environment and its components.
INFO flink-akka.actor.default-dispatcher-66 org.apache.flink.runtime.io.disk.FileChannelManagerImpl - FileChannelManager removed spill file directory C:\Users\孙宇鹏\AppData\Local\Temp\flink-netty-shuffle-1fb6cf9a-6462-4e31-9052-3b8fd5b92a98
INFO flink-akka.actor.default-dispatcher-66 org.apache.flink.runtime.taskexecutor.KvStateService - Shutting down the kvState service and its components.
INFO flink-akka.actor.default-dispatcher-66 org.apache.flink.runtime.taskexecutor.DefaultJobLeaderService - Stop job leader service.
INFO flink-akka.actor.default-dispatcher-66 org.apache.flink.runtime.filecache.FileCache - removed file cache directory C:\Users\孙宇鹏\AppData\Local\Temp\flink-dist-cache-2fff4948-75d3-4a94-9478-858e4c19483a
INFO flink-akka.actor.default-dispatcher-66 org.apache.flink.runtime.taskexecutor.TaskExecutor - Stopped TaskExecutor akka://flink/user/rpc/taskmanager_0.
INFO AkkaRpcService-Supervisor-Termination-Future-Executor-thread-1 org.apache.flink.runtime.rpc.akka.AkkaRpcService - Stopping Akka RPC service.
INFO flink-metrics-4 org.apache.flink.runtime.rpc.akka.AkkaRpcService - Stopping Akka RPC service.
INFO flink-metrics-4 org.apache.flink.runtime.rpc.akka.AkkaRpcService - Stopped Akka RPC service.
INFO flink-akka.actor.default-dispatcher-61 org.apache.flink.runtime.blob.PermanentBlobCache - Shutting down BLOB cache
INFO flink-akka.actor.default-dispatcher-61 org.apache.flink.runtime.blob.TransientBlobCache - Shutting down BLOB cache
INFO flink-akka.actor.default-dispatcher-61 org.apache.flink.runtime.blob.BlobServer - Stopped BLOB server at 0.0.0.0:52092
INFO flink-akka.actor.default-dispatcher-61 org.apache.flink.runtime.rpc.akka.AkkaRpcService - Stopped Akka RPC service.
